<?xml version="1.0" encoding="utf-8"?>
<test-run id="2" name="Incapsulation.Failures.exe" fullname="D:/MorozovAndreAndreevich/Project/EduProject-UlearnCSharpDesign/failures/bin/Debug/Incapsulation.Failures.exe" testcasecount="3" result="Failed" start-time="2022-09-26 11:47:50Z" end-time="2022-09-26 11:49:40Z" duration="110.809558" total="3" passed="1" failed="2" inconclusive="0" skipped="0" asserts="3" random-seed="1420527270">
  <command-line><![CDATA[D:\MorozovAndreAndreevich\Project\EduProject-UlearnCSharpDesign\failures\bin\Debug\Incapsulation.Failures.exe]]></command-line>
  <filter />
  <test-suite type="Assembly" id="1004" name="Incapsulation.Failures.exe" fullname="D:/MorozovAndreAndreevich/Project/EduProject-UlearnCSharpDesign/failures/bin/Debug/Incapsulation.Failures.exe" runstate="Runnable" testcasecount="3" result="Failed" site="Child" start-time="2022-09-26 11:47:50Z" end-time="2022-09-26 11:49:40Z" duration="110.809558" total="3" passed="1" failed="2" warnings="0" inconclusive="0" skipped="0" asserts="3">
    <environment framework-version="3.6.0.0" clr-version="4.0.30319.42000" os-version="Microsoft Windows NT 6.2.9200.0" platform="Win32NT" cwd="D:\MorozovAndreAndreevich\Project\EduProject-UlearnCSharpDesign\failures\bin\Debug" machine-name="LAPTOP-KFRIU2AV" user="olgad" user-domain="LAPTOP-KFRIU2AV" culture="ru-RU" uiculture="ru-RU" os-architecture="x86" />
    <settings>
      <setting name="WorkDirectory" value="D:\MorozovAndreAndreevich\Project\EduProject-UlearnCSharpDesign\failures\bin\Debug" />
      <setting name="NumberOfTestWorkers" value="4" />
    </settings>
    <properties>
      <property name="_PID" value="15448" />
      <property name="_APPDOMAIN" value="Incapsulation.Failures.exe" />
    </properties>
    <failure>
      <message><![CDATA[One or more child tests had errors]]></message>
    </failure>
    <test-suite type="TestSuite" id="1005" name="Incapsulation" fullname="Incapsulation" runstate="Runnable" testcasecount="3" result="Failed" site="Child" start-time="2022-09-26 11:47:50Z" end-time="2022-09-26 11:49:40Z" duration="110.778818" total="3" passed="1" failed="2" warnings="0" inconclusive="0" skipped="0" asserts="3">
      <failure>
        <message><![CDATA[One or more child tests had errors]]></message>
      </failure>
      <test-suite type="TestSuite" id="1006" name="Failures" fullname="Incapsulation.Failures" runstate="Runnable" testcasecount="3" result="Failed" site="Child" start-time="2022-09-26 11:47:50Z" end-time="2022-09-26 11:49:40Z" duration="110.748627" total="3" passed="1" failed="2" warnings="0" inconclusive="0" skipped="0" asserts="3">
        <failure>
          <message><![CDATA[One or more child tests had errors]]></message>
        </failure>
        <test-suite type="TestFixture" id="1000" name="ReportMaker_Tests" fullname="Incapsulation.Failures.ReportMaker_Tests" classname="Incapsulation.Failures.ReportMaker_Tests" runstate="Runnable" testcasecount="3" result="Failed" site="Child" start-time="2022-09-26 11:47:50Z" end-time="2022-09-26 11:49:40Z" duration="110.717017" total="3" passed="1" failed="2" warnings="0" inconclusive="0" skipped="0" asserts="3">
          <failure>
            <message><![CDATA[One or more child tests had errors]]></message>
          </failure>
          <test-case id="1003" name="FilterManyDevices" fullname="Incapsulation.Failures.ReportMaker_Tests.FilterManyDevices" methodname="FilterManyDevices" classname="Incapsulation.Failures.ReportMaker_Tests" runstate="Runnable" seed="2143407973" result="Failed" start-time="2022-09-26 11:47:50Z" end-time="2022-09-26 11:49:34Z" duration="104.104061" asserts="1">
            <failure>
              <message><![CDATA[  Expected is <System.String[2]>, actual is <System.Collections.Generic.List`1[System.String]> with 0 elements
  Values differ at index [0]
  Missing:  < "Device A", "Device C" >]]></message>
              <stack-trace><![CDATA[в NUnit.Framework.CollectionAssert.AreEqual(IEnumerable expected, IEnumerable actual, String message, Object[] args)
в NUnit.Framework.CollectionAssert.AreEqual(IEnumerable expected, IEnumerable actual)
в Incapsulation.Failures.ReportMaker_Tests.FilterManyDevices() в D:\MorozovAndreAndreevich\Project\EduProject-UlearnCSharpDesign\failures\ReportMaker_Tests.cs:строка 108
]]></stack-trace>
            </failure>
            <assertions>
              <assertion result="Failed">
                <message><![CDATA[  Expected is <System.String[2]>, actual is <System.Collections.Generic.List`1[System.String]> with 0 elements
  Values differ at index [0]
  Missing:  < "Device A", "Device C" >]]></message>
                <stack-trace><![CDATA[в NUnit.Framework.CollectionAssert.AreEqual(IEnumerable expected, IEnumerable actual, String message, Object[] args)
в NUnit.Framework.CollectionAssert.AreEqual(IEnumerable expected, IEnumerable actual)
в Incapsulation.Failures.ReportMaker_Tests.FilterManyDevices() в D:\MorozovAndreAndreevich\Project\EduProject-UlearnCSharpDesign\failures\ReportMaker_Tests.cs:строка 108
]]></stack-trace>
              </assertion>
            </assertions>
          </test-case>
          <test-case id="1002" name="FilterSingleDevice" fullname="Incapsulation.Failures.ReportMaker_Tests.FilterSingleDevice" methodname="FilterSingleDevice" classname="Incapsulation.Failures.ReportMaker_Tests" runstate="Runnable" seed="1443801725" result="Failed" start-time="2022-09-26 11:49:34Z" end-time="2022-09-26 11:49:40Z" duration="6.532562" asserts="1">
            <failure>
              <message><![CDATA[  Expected is <System.String[1]>, actual is <System.Collections.Generic.List`1[System.String]> with 0 elements
  Values differ at index [0]
  Missing:  < "0" >]]></message>
              <stack-trace><![CDATA[в NUnit.Framework.CollectionAssert.AreEqual(IEnumerable expected, IEnumerable actual, String message, Object[] args)
в NUnit.Framework.CollectionAssert.AreEqual(IEnumerable expected, IEnumerable actual)
в Incapsulation.Failures.ReportMaker_Tests.FilterSingleDevice() в D:\MorozovAndreAndreevich\Project\EduProject-UlearnCSharpDesign\failures\ReportMaker_Tests.cs:строка 65
]]></stack-trace>
            </failure>
            <assertions>
              <assertion result="Failed">
                <message><![CDATA[  Expected is <System.String[1]>, actual is <System.Collections.Generic.List`1[System.String]> with 0 elements
  Values differ at index [0]
  Missing:  < "0" >]]></message>
                <stack-trace><![CDATA[в NUnit.Framework.CollectionAssert.AreEqual(IEnumerable expected, IEnumerable actual, String message, Object[] args)
в NUnit.Framework.CollectionAssert.AreEqual(IEnumerable expected, IEnumerable actual)
в Incapsulation.Failures.ReportMaker_Tests.FilterSingleDevice() в D:\MorozovAndreAndreevich\Project\EduProject-UlearnCSharpDesign\failures\ReportMaker_Tests.cs:строка 65
]]></stack-trace>
              </assertion>
            </assertions>
          </test-case>
          <test-case id="1001" name="NoDevices" fullname="Incapsulation.Failures.ReportMaker_Tests.NoDevices" methodname="NoDevices" classname="Incapsulation.Failures.ReportMaker_Tests" runstate="Runnable" seed="1749516336" result="Passed" start-time="2022-09-26 11:49:40Z" end-time="2022-09-26 11:49:40Z" duration="0.003303" asserts="1" />
        </test-suite>
      </test-suite>
    </test-suite>
  </test-suite>
</test-run>